<?xml version="1.0" encoding="UTF-8"?>
<!-- Generated by org.testng.reporters.JUnitReportReporter -->
<testsuite hostname="DESKTOP-3G1ALRP" failures="0" tests="1" name="FrmWrk_TestCase.TestMCF_PageObject" time="13.927" errors="0" timestamp="2023-04-07T10:37:50 IST" skipped="0">
  <testcase classname="FrmWrk_TestCase.TestMCF_PageObject" name="test_MCF_PO_PF" time="13.927"/>
  <system-out/>
</testsuite> <!-- FrmWrk_TestCase.TestMCF_PageObject -->
